20220918	19:26:37	06a5462f-ac62-4619-95d9-93bf9674dea6	GET	/v1/posts	undefined
20220918	23:26:01	a3f696cc-c5da-455c-9bbd-2386efb6d2a7	POST	/v1/auth/login	undefined
20220918	23:26:04	d2b2023c-a386-4932-9ccb-6fa54081e548	POST	/v1/auth/login	undefined
20220918	23:26:07	134a7cd8-9a1b-4635-8cec-c3d8ebeecca1	POST	/v1/auth/login	undefined
20220918	23:53:02	5849211e-5b77-4dad-b174-2845a210ef2c	GET	/v1/dashboard/posts	undefined
20220919	00:00:11	e8fe080f-c427-407c-8cb2-5977499f1fc4	GET	/v1/dashboard/posts	undefined
20220919	00:00:41	1f5fbf99-5411-405a-b0ab-da66359defa7	POST	/v1/auth/login	undefined
20220919	00:00:59	a6ebeae1-26a8-4982-a913-614f1eec00e6	GET	/v1/posts	undefined
20220919	00:01:15	0d1de3a1-24f9-41b5-bcd5-c5fa57ebce17	GET	/v1/dashboard/posts	undefined
20220919	00:01:26	86157570-1136-4aa6-9d54-dd1b00f36e38	GET	/v1/dashboard/posts	undefined
20220919	00:01:31	b1368c10-41d0-46b7-a7dc-30a0014dc57c	GET	/v1/dashboard/posts	undefined
20220919	00:37:22	e5684f90-bb08-4737-b820-5a41b91754dd	POST	/v1/auth/login	undefined
20220919	00:51:26	77bf582a-555c-408e-a8b7-2eda5f5b4660	GET	/v1/auth/refresh	undefined
20220919	00:51:36	658573c8-83c4-4fdb-94bd-260d76139b53	POST	/v1/auth/login	undefined
20220919	00:51:48	3c98d0b3-70eb-4e1d-a71d-7c0ceb55f887	GET	/v1/auth/refresh	undefined
20220919	00:54:07	9a5773af-bb4b-4224-ae07-a32205e7c30c	GET	/v1/auth/refresh	undefined
20220919	00:55:23	c821860c-01c5-494f-9cd5-22446272807d	GET	/v1/auth/refresh	undefined
20220919	01:05:18	8060e48d-c8c0-487a-8a50-2e8e10401f4c	GET	/v1/users	undefined
20220919	01:06:43	c97fe74d-c632-4e30-bae0-fc8acab6e6f7	GET	/v1/posts	undefined
20220919	01:06:53	b133898a-5d19-4caa-bb42-aebb2718e308	GET	/v1/posts	undefined
20220919	01:08:11	39db9f37-c489-4a50-b808-ff007fb365c0	PUT	/v1/posts/likes/62be459517c2ca0024f67b14	undefined
20220919	01:08:31	9b42f965-3ecb-4444-86a2-a74aaccb6e33	POST	/v1/auth/login	undefined
20220919	01:08:46	530fce17-cf6e-4a94-b4dc-76e6c076dc13	GET	/v1/users/62ddcf6550028a21d0a8cf76	undefined
20220919	01:09:35	5daa18be-87b2-4851-9d3e-983d177ae902	GET	/v1/dashboard/posts	undefined
20220919	01:09:45	177f5908-42e9-45fd-bbe3-cccb33d529a1	PUT	/v1/posts/likes/62be459517c2ca0024f67b14	undefined
20220919	01:15:27	a94bb747-9a1f-4b05-ba0a-e999d89c35e1	POST	/v1/auth/login	undefined
20220919	01:15:45	e7d8b22c-8755-4a30-8480-c7fe631e76d5	PUT	/v1/posts/likes/62be459517c2ca0024f67b14	undefined
20220919	01:16:12	697ee540-38b5-4f6f-ab37-b7dc7f7c177e	GET	/v1/dashboard/posts	undefined
20220919	01:16:16	35eff209-abd8-4cfb-8bb9-68033ff6413e	GET	/v1/dashboard/posts	undefined
20220919	01:16:21	f1577348-e674-4f4a-9f63-82cd4278dfec	PUT	/v1/posts/likes/62be459517c2ca0024f67b14	undefined
20220919	01:19:20	45d9bc3f-1f04-44e2-9ec3-fb7e403d6f4e	POST	/v1/auth/login	undefined
20220919	01:19:31	fde670ed-0ac3-408c-ad77-f38ac0e5472c	POST	/v1/auth/login	undefined
20220919	01:19:41	1ad9aa3b-0230-442d-8a90-142191791775	PUT	/v1/posts/likes/62be459517c2ca0024f67b14	undefined
20220919	01:19:44	c5402cd4-f9e0-44a0-966a-05c338f37d6f	PUT	/v1/posts/likes/62be459517c2ca0024f67b14	undefined
20220919	01:19:47	3bf8bc53-45a0-4389-9f1e-ec9d32d3ecd6	PUT	/v1/posts/likes/62be459517c2ca0024f67b14	undefined
20220919	01:19:54	6abcd974-07c1-48f9-b23c-4842ee96a016	PUT	/v1/posts/likes/62be459517c2ca0024f67b14	undefined
20220919	01:20:09	a88564e2-5d58-41e6-b7e4-b368952b164b	GET	/v1/users/62ddcf6550028a21d0a8cf76	undefined
20220919	01:20:20	5824d478-c0df-4652-a9af-00acff719cbb	PUT	/v1/posts/likes/62be459517c2ca0024f67b14	undefined
20220919	01:20:25	8b17a92f-b904-4936-bfb1-08e51b96cdb7	GET	/v1/auth/refresh	undefined
20220919	01:20:35	f4475093-6a02-4db1-bbf3-749708b22ce0	PUT	/v1/posts/likes/62be459517c2ca0024f67b14	undefined
20220919	01:40:52	076e8adc-c6a4-45ef-8957-86121f0bb536	POST	/v1/auth/login	undefined
20220919	01:41:09	38bd6d7e-62b7-491e-bc3d-4384bd7efa8e	GET	/v1/dashboard/posts	undefined
20220919	01:41:14	955f5238-7405-4d4b-aa1f-abe980058d8f	GET	/v1/dashboard/posts	undefined
20220919	01:41:56	adfecc4b-bd01-41f9-89d8-4610ff6320e2	GET	/v1/dashboard/posts	undefined
20220919	01:42:04	0a44552d-8f77-4976-90eb-14fa3c61b719	GET	/v1/dashboard/posts	undefined
20220919	01:45:51	4cc1762f-0860-4694-97e6-b329100a584f	GET	/v1/dashboard/posts	undefined
20220919	01:45:52	3d097372-6d15-4d27-965b-08cd8b9e459f	GET	/v1/dashboard/posts	undefined
20220920	05:41:02	5dbb1f83-1574-4aef-bdd9-888e625ff2a4	GET	/v1/posts	http://localhost:3001
20220920	05:41:03	7042c7fd-520d-461d-8748-87115a8d7262	GET	/v1/posts	http://localhost:3001
20220920	07:01:31	c6fd17bc-8140-4d86-b4a0-a038516c32e1	GET	/v1/posts	http://localhost:3001
20220920	07:01:31	1d7776a9-c0ad-44a9-87b3-c295861631e3	GET	/v1/posts	http://localhost:3001
20220920	07:02:34	46adbc75-3216-44a7-88c5-998d713531bb	OPTIONS	/v1/auth/register	http://localhost:3001
20220920	07:02:34	4a51973a-9c6a-4252-8784-4aa458b98e7c	POST	/v1/auth/register	http://localhost:3001
20220920	07:17:29	a5f4e291-69fe-4486-8bb9-82077bbf1489	OPTIONS	/v1/auth/register	http://localhost:3001
20220920	07:17:29	ccbfeaea-3e17-4f82-8919-b7bbe77a2bef	POST	/v1/auth/register	http://localhost:3001
20220920	08:09:11	28b1ef4b-f115-422c-8705-e8634a4679d1	POST	/v1/auth/register	undefined
20220920	08:23:05	1ef4005f-26b7-4bce-b7b4-111340a8e896	OPTIONS	/v1/auth/register	http://localhost:3001
20220920	08:23:05	5b5bee38-660f-4c5f-b69b-780bc5c6a0c7	POST	/v1/auth/register	http://localhost:3001
20220920	08:23:58	98d8e479-eadd-4666-9d0f-6812721a1f6c	OPTIONS	/v1/auth/register	http://localhost:3001
20220920	08:23:58	49306d67-ffb2-4c7e-bd4d-7e7084b84710	POST	/v1/auth/register	http://localhost:3001
20220921	02:16:18	1d87e5e3-c593-4d09-93e6-c8187bae368a	GET	/v1/dashboard/posts	undefined
20220921	02:16:42	a27a9e60-eda0-4e44-ac23-44491aedf487	POST	/v1/auth/login	undefined
20220921	02:16:57	e067ebe5-9695-47e8-b997-4f2eaca8d443	GET	/v1/dashboard/posts	undefined
20220921	02:17:15	621da3cc-1d35-4268-aae1-d4e0ffd5aadd	GET	/v1/dashboard/posts	undefined
20220921	02:17:41	4a3d0b00-4709-412e-867a-394c9b2a4154	GET	/v1/dashboard/posts	undefined
20220921	02:37:22	d3839301-30c8-4b14-8c54-a2940dbabd3a	POST	/v1/auth/login	undefined
20220921	11:02:46	379e68e2-fd71-49ec-81ba-f8ddfca91923	GET	/v1/posts	http://localhost:3000
20220921	11:02:46	29a26517-4b4d-46eb-bb15-e5182cbf40b9	GET	/v1/posts	http://localhost:3000
20220921	11:03:08	89ee5100-9a15-431a-84de-edb8a32ece8f	OPTIONS	/v1/auth/login	http://localhost:3000
20220921	11:03:08	1bbbe17c-f357-4c89-a993-e12f48c04a54	POST	/v1/auth/login	http://localhost:3000
20220921	11:04:02	8eed779b-4830-42fd-9434-57d4ec42aedd	OPTIONS	/v1/auth/login	http://localhost:3000
20220921	11:04:02	d9626696-9ecc-40b6-9269-45f2d91a766a	POST	/v1/auth/login	http://localhost:3000
20220921	14:17:03	6b9f907f-a597-4471-aa15-98ec9de91eb6	POST	/v1/auth/login	undefined
20220921	14:17:42	01d797de-f6b0-43d7-bf15-1920813bf742	GET	/v1/dashboard/posts	undefined
20220921	14:17:54	6b40c8a2-9149-449e-9c2b-fe6e6e49c340	GET	/v1/dashboard/posts	undefined
20220921	14:21:36	5769c0aa-2350-45cd-a924-5e98dbdba93f	GET	/v1/users	undefined
20220922	16:00:49	b5a74dc7-fc1c-4fb3-a777-566bb691a9f6	GET	/v1/users/62ddcf6550028a21d0a8cf76	undefined
20220922	16:07:46	9426a4c5-35ee-44a2-b3d8-9ba257415596	GET	/v1/users/email/drakeramoray@gmail.com	undefined
20220922	16:08:14	af4a32a1-3541-4538-b074-b2a5b9b9b754	GET	/v1/users/email/drakeramoray@gmail.com	undefined
20220922	16:08:35	7ad5a61c-cc44-407c-bf71-423fa12e947a	GET	/v1/users/email/drakeramoray@gmail.com	undefined
20220922	16:08:38	949771d1-c5db-412e-a611-d335d81e8789	GET	/v1/users/email/drakeramoray@gmail.com	undefined
20220923	18:44:50	320a96cf-f607-4aa2-a2cc-ae182ce6719f	POST	/v1/auth/login	undefined
20220923	18:57:44	9ba9f739-79a9-4b74-8b68-0e2c6fe88153	GET	/v1/posts	http://localhost:3000
20220923	18:57:46	ef506bb3-219a-4718-8818-9a80ec2807d0	GET	/v1/posts	http://localhost:3000
20220923	18:58:21	65c44f9c-5462-4a2d-9957-b66eb20db5fd	OPTIONS	/v1/auth/login	http://localhost:3000
20220923	18:58:21	570cddc9-a7e5-4e2a-ac8a-3d21077036a9	POST	/v1/auth/login	http://localhost:3000
20220924	19:00:20	00345a55-a1b5-4e18-954a-e5d70b7fa342	GET	/v1/posts	http://localhost:3000
20220924	19:00:21	9bdb9659-3072-42f1-878e-a634ff0143bd	GET	/v1/posts	http://localhost:3000
20220924	19:03:08	a7f00bcf-b61b-41e7-b440-b90f8ae0a11c	GET	/v1/posts	http://localhost:3000
20220924	19:03:11	9cc32437-c8fd-4aba-8a2a-969ea4455c4e	GET	/v1/posts	http://localhost:3000
20220924	19:05:08	20b72318-9f0d-4c6b-b67b-c788e3196976	OPTIONS	/v1/auth/login	http://localhost:3000
20220924	19:05:08	1c39911e-fdb6-4464-9083-4906137f4824	POST	/v1/auth/login	http://localhost:3000
20220924	20:36:20	3161e6c6-075d-46c5-a0e8-e2a0702ab75b	OPTIONS	/v1/auth/login	http://localhost:3000
20220924	20:36:20	44d99ea0-aada-4b6f-9b81-fe7ce792474c	POST	/v1/auth/login	http://localhost:3000
20220924	22:22:26	d1cd5cba-3505-4443-b093-e2f8521e8177	OPTIONS	/v1/auth/login	http://localhost:3000
20220924	22:22:26	d4e67550-00e9-45e8-bd82-14161ecf5da1	POST	/v1/auth/login	http://localhost:3000
20220924	23:06:40	b0f6a267-ad4a-4f7d-aca2-4cd582bdc9e6	OPTIONS	/v1/auth/login	http://localhost:3000
20220924	23:06:57	9cc7b6d6-f368-4da3-866a-19683ab681f3	OPTIONS	/v1/auth/login	http://localhost:3000
20220924	23:08:14	41223044-b041-477e-adc3-2c97435b6125	POST	/v1/auth/login	undefined
20220924	23:08:45	284c3073-d61c-45b1-a4aa-844fba10d5fe	OPTIONS	/v1/auth/login	http://localhost:3000
20220924	23:08:53	d37da16b-a354-4a0f-b064-9063d628c67f	OPTIONS	/v1/auth/login	http://localhost:3000
20220924	23:09:18	bb5725f4-0304-4638-bae6-285c7edf480a	OPTIONS	/v1/auth/login	http://localhost:3000
20220924	23:09:18	27f71e2f-9080-416b-91ac-8264edd404aa	POST	/v1/auth/login	http://localhost:3000
20220924	23:28:47	f7dd3805-e497-4b1d-8599-c888ac88f625	OPTIONS	/v1/auth/login	http://localhost:3000
20220924	23:32:51	bf9d56b5-4f9c-48ec-ba0a-f60857548a22	OPTIONS	/v1/auth/login	http://localhost:3000
20220924	23:32:58	6df5ce1c-68a9-40e9-9088-c5c065363bbd	OPTIONS	/v1/auth/login	http://localhost:3000
20220924	23:33:08	baeee530-e07c-4054-a0c0-214d7af6b503	OPTIONS	/v1/auth/login	http://localhost:3000
20220924	23:33:11	937e94ce-1ba3-4386-938f-2065a956948f	OPTIONS	/v1/auth/login	http://localhost:3000
20220924	23:33:31	5a35cee9-0a57-45bc-9e7c-5115e9245e2c	POST	/v1/auth/login	undefined
20220924	23:33:40	0147fe9a-fafc-4996-ba71-6eb558c3ad18	OPTIONS	/v1/auth/login	http://localhost:3000
20220924	23:36:40	69e66c67-d551-4b9f-a771-c4caab24bcb3	OPTIONS	/v1/auth/login	http://localhost:3000
20220924	23:36:40	811a8cb5-ed66-41df-a99f-28dff31f8116	POST	/v1/auth/login	http://localhost:3000
20220926	12:35:30	f7658155-9330-4520-b013-eee560d76fe3	GET	/v1/posts	http://localhost:3000
20220926	12:35:32	32727be9-548e-4ced-8b53-08756c44fe9a	GET	/v1/posts	http://localhost:3000
20220926	12:35:38	934d313a-dfc2-4c3b-bbfe-e657bcd3a399	OPTIONS	/v1/auth/login	http://localhost:3000
20220926	12:35:38	2d442029-9179-4fa8-bec0-4e4e0aa78c6b	POST	/v1/auth/login	http://localhost:3000
20220926	13:46:12	fbd8a4ca-e75a-464a-9854-f1cdfca0635a	OPTIONS	/v1/auth/login	http://localhost:3000
20220926	13:46:12	0693dbde-d81b-466c-8111-dda9ee04762a	POST	/v1/auth/login	http://localhost:3000
20220926	18:06:36	901eeded-e517-4ff1-84d3-c0a1ec09bc50	GET	/v1/posts	http://localhost:3000
20220926	18:06:38	b16de87c-c507-464e-ac73-4e2877fccda1	GET	/v1/posts	http://localhost:3000
20220926	18:17:09	d4a4dc5a-bf8c-43ee-b664-25e1f93d78e9	GET	/v1/posts	http://localhost:3000
20220926	18:17:09	4fe5f622-4b3b-46ab-8341-8ba2be01a700	GET	/v1/posts	http://localhost:3000
20220926	18:17:15	2b56d568-736b-4501-8bbe-1ab15e5f341f	OPTIONS	/v1/auth/login	http://localhost:3000
20220926	18:17:15	6db4c64b-3968-46e6-8457-758d09282d68	POST	/v1/auth/login	http://localhost:3000
20220926	19:18:49	d7bae5fb-a859-49c1-b8e6-6ad7cae5f710	OPTIONS	/v1/auth/login	http://localhost:3000
20220926	19:18:49	8e13b5a1-72de-418b-adb3-8aa828d27d66	POST	/v1/auth/login	http://localhost:3000
20220926	20:05:52	d6442ed6-599a-4f6c-a80e-fa35393b637f	OPTIONS	/v1/auth/login	http://localhost:3000
20220926	20:05:52	2f70eee0-1b0f-4bc2-8b91-0760e1a59f0f	POST	/v1/auth/login	http://localhost:3000
20220926	20:06:00	4a9fdf50-28d3-4cbd-b1a8-7242d4e16d10	GET	/v1/posts	http://localhost:3000
20220926	20:06:00	77d936b3-2d22-4fbc-a828-8ec6dcd4ce13	GET	/v1/posts	http://localhost:3000
20220927	11:13:43	6eb06d90-1cd6-4087-8830-4aec6f1585ad	GET	/v1/posts	http://localhost:3000
20220927	11:13:44	1c4ee360-16d9-44c4-94c1-31c87abda1e6	GET	/v1/posts	http://localhost:3000
20220927	12:57:21	f32145c8-c39b-4666-8a9c-03931f8c6eeb	OPTIONS	/v1/auth/login	http://localhost:3000
20220927	12:57:21	075727f5-bba1-417c-bf15-475b39069a15	POST	/v1/auth/login	http://localhost:3000
20220927	18:43:21	13132036-c6e1-4a86-82d9-e979f458468e	GET	/v1/posts	http://localhost:3000
20220927	18:43:23	b5f53d88-ef4f-4ca4-96f6-ef65ff2f87ec	GET	/v1/posts	http://localhost:3000
20220927	18:43:35	72b953bb-205d-4f4e-8846-1377a75d7488	GET	/v1/posts	http://localhost:3000
20220927	18:43:36	68f24d4a-74db-4fb9-be66-9fe7bcfe4d6c	GET	/v1/posts	http://localhost:3000
20220927	18:43:39	4b752771-4282-4897-9a73-22dad4f45342	GET	/v1/posts	http://localhost:3000
20220927	18:43:40	a90700f3-cfcc-451f-9897-409975ec4f8c	GET	/v1/posts	http://localhost:3000
20220927	18:44:33	5a273832-ce03-4842-aac6-b909b619ecb6	GET	/v1/posts	http://localhost:3000
20220927	18:44:33	8c349643-cbd2-4798-9856-3e277419f8a3	GET	/v1/posts	http://localhost:3000
20220927	23:33:59	e07918fd-dbe8-4a29-ac54-057c4194ba88	GET	/v1/posts	http://localhost:3000
20220927	23:34:01	4517ee67-b4e8-4c1b-b939-aaa614aac087	GET	/v1/posts	http://localhost:3000
20220928	04:51:49	7bd1e4f7-9026-4732-99b7-3d0deb6f200a	GET	/v1/posts	http://localhost:3000
20220928	04:51:51	d20eddc7-a5a1-4eac-84c6-2ff195d4c3eb	GET	/v1/posts	http://localhost:3000
20220928	14:03:15	ae922680-1e50-4846-b514-c490dcf232f1	GET	/v1/posts	http://localhost:3000
20220928	14:03:17	34f81a0c-cdaa-41ac-bf75-1295e3900350	GET	/v1/posts	http://localhost:3000
20220928	15:02:49	8408fde0-6215-4279-859a-b6019edefd9d	GET	/v1/posts	http://localhost:3000
20220928	15:03:09	cebeea1e-38da-4074-a894-2d2595ecae03	GET	/v1/posts	http://localhost:3000
20220928	15:10:39	0b97ff0f-4a65-4dee-a92c-1f3e0a2feb9e	GET	/v1/posts	http://localhost:3000
20220928	15:10:59	9a62092a-7e9b-48f1-befe-4382a4451e02	GET	/v1/posts	http://localhost:3000
20220928	15:12:14	74c08dfe-ad36-492c-8d1e-561b8d1695e0	GET	/v1/posts	http://localhost:3000
20220928	15:12:34	2cba3580-f008-4889-84b4-6d314d0fed7d	GET	/v1/posts	http://localhost:3000
20220928	15:14:00	4fcf61f5-4d58-4dd1-a161-1083eec3153a	GET	/v1/posts	http://localhost:3000
20220928	15:14:01	e1825a87-f20e-4d93-a79b-84bd55c06b75	GET	/v1/posts	http://localhost:3000
20220928	15:14:06	f7046edc-4a01-4299-8fa0-baa235584d43	GET	/v1/posts	http://localhost:3000
20220928	15:14:07	5f1a8aa1-955e-4b9a-8c5f-07acbb057333	GET	/v1/posts	http://localhost:3000
20220928	15:15:45	1c7f79bc-9d0c-4929-9f62-e7d0f4b50596	GET	/v1/posts	http://localhost:3000
20220928	15:15:46	8e9015fd-d85e-4d7a-9cce-5ba7399b9573	GET	/v1/posts	http://localhost:3000
20220928	15:16:19	225c6c20-f2aa-4a8d-a3a6-b758983c6fdd	GET	/v1/posts	http://localhost:3000
20220928	15:16:19	8598847a-4e6d-4b02-a29e-779abe9a7b4e	GET	/v1/posts	http://localhost:3000
20220928	15:17:21	a0e508f4-a702-4894-afd9-57e7eb362865	GET	/v1/posts	http://localhost:3000
20220928	15:17:21	6c5caef4-ef97-4a56-93a8-1e35ef0f4b75	GET	/v1/posts	http://localhost:3000
20220929	02:25:57	74fff4ef-4a11-42bb-9916-0fb0f2503c6f	GET	/v1/posts	http://localhost:3000
20220929	02:25:58	6f862af1-2b86-45fe-8bbc-23584742478d	GET	/v1/posts	http://localhost:3000
20220929	10:20:55	f0eb994a-492d-498a-b214-2537939bb6cd	GET	/v1/posts	http://localhost:3000
20220929	10:20:56	2a406805-19fb-4a6f-8714-b99703b957aa	GET	/v1/posts	http://localhost:3000
20220929	12:04:21	b0c374fe-7b3e-4672-b837-025f81bb273f	GET	/v1/posts	http://localhost:3000
20220929	12:04:23	da114fc9-3029-4dc7-99cb-3305068b882c	GET	/v1/posts	http://localhost:3000
20220929	21:57:50	d5fe4e86-f2e2-4e47-9a38-c142cd3b7edc	GET	/v1/posts	http://localhost:3000
20220929	21:57:50	f4cd9856-801f-4142-9952-b5641a165594	GET	/v1/posts	http://localhost:3000
20220930	09:43:25	1a177e12-5a97-487e-866a-e4b347c1ce88	GET	/v1/posts	http://localhost:3000
20220930	09:43:45	327f2dbd-4912-4e96-b97f-9cb1e5176803	GET	/v1/posts	http://localhost:3000
20220930	10:16:59	16bcbcdc-3bdc-461e-be28-1e808c678aff	GET	/v1/posts	http://localhost:3000
20220930	10:17:19	f6c25099-72e3-4a4e-84e0-e58706b840d1	GET	/v1/posts	http://localhost:3000
20220930	11:20:07	045164c0-abf1-4477-9976-da6fedc3f577	GET	/v1/posts	http://localhost:3000
20220930	14:38:36	434e7617-7386-413d-86c1-86fb3dbabfd3	GET	/v1/posts	http://localhost:3000
20220930	14:38:39	83d99168-7764-4038-b6cf-80872414d984	GET	/v1/posts	http://localhost:3000
20220930	14:39:08	f740b3b6-bdc0-47f7-9a5b-560b112e00c3	GET	/v1/posts	http://localhost:3000
20220930	14:39:08	6baf7543-42cd-4554-9b98-05395356a205	GET	/v1/posts	http://localhost:3000
20220930	14:39:14	bdf5a3ea-c5e5-4485-9562-89585ef35343	GET	/v1/posts	http://localhost:3000
20220930	14:39:15	23468170-2441-4336-a366-8e93ac38811b	GET	/v1/posts	http://localhost:3000
20220930	14:39:35	b4d96bf1-1116-44af-9c21-dee642beb1ee	GET	/v1/posts	http://localhost:3000
20220930	14:39:35	74bcce2b-137e-4c82-9d11-872a01c2b15d	GET	/v1/posts	http://localhost:3000
20220930	15:09:23	2dc50138-68c5-4dda-945a-ccb908db08e2	OPTIONS	/v1/auth/login	http://localhost:3000
20220930	15:09:23	a86416df-a282-40f2-8f4b-9ab6f0c01079	POST	/v1/auth/login	http://localhost:3000
20220930	15:09:36	71295ba9-c1b5-45dd-b12a-bd51ece41f4b	OPTIONS	/v1/auth/login	http://localhost:3000
20220930	15:09:36	af269577-990c-4e85-8674-8b9a06b626d1	POST	/v1/auth/login	http://localhost:3000
20220930	21:40:36	1371dd3b-a5dc-44e7-bba8-06a0fcf11fdc	GET	/v1/posts	http://localhost:3000
